Name:                image-process-auto-6prnx
Namespace:           argo
ServiceAccount:      unset (will run with the default ServiceAccount)
Status:              Pending
Created:             Mon Oct 20 21:00:21 +0900 (now)
Progress:            
Parameters:          
  input:             sample.jpg
  image-path:        /data/sample.jpg
[H[2J[0;0HName:                image-process-auto-6prnx
Namespace:           argo
ServiceAccount:      unset (will run with the default ServiceAccount)
Status:              Pending
Created:             Mon Oct 20 21:00:21 +0900 (now)
Progress:            
Parameters:          
  input:             sample.jpg
  image-path:        /data/sample.jpg
[H[2J[0;0HName:                image-process-auto-6prnx
Namespace:           argo
ServiceAccount:      unset (will run with the default ServiceAccount)
Status:              Running
Created:             Mon Oct 20 21:00:21 +0900 (now)
Started:             Mon Oct 20 21:00:21 +0900 (now)
Duration:            0 seconds
Progress:            0/1
Parameters:          
  input:             sample.jpg
  image-path:        /data/sample.jpg

[39mSTEP[0m                         TEMPLATE  PODNAME                   DURATION  MESSAGE
 [33m◷[0m image-process-auto-6prnx  main      image-process-auto-6prnx  0s          
[H[2J[0;0HName:                image-process-auto-6prnx
Namespace:           argo
ServiceAccount:      unset (will run with the default ServiceAccount)
Status:              Running
Created:             Mon Oct 20 21:00:21 +0900 (1 second ago)
Started:             Mon Oct 20 21:00:21 +0900 (1 second ago)
Duration:            1 second
Progress:            0/1
Parameters:          
  input:             sample.jpg
  image-path:        /data/sample.jpg

[39mSTEP[0m                         TEMPLATE  PODNAME                   DURATION  MESSAGE
 [33m◷[0m image-process-auto-6prnx  main      image-process-auto-6prnx  1s          
[H[2J[0;0HName:                image-process-auto-6prnx
Namespace:           argo
ServiceAccount:      unset (will run with the default ServiceAccount)
Status:              Running
Created:             Mon Oct 20 21:00:21 +0900 (1 second ago)
Started:             Mon Oct 20 21:00:21 +0900 (1 second ago)
Duration:            1 second
Progress:            0/1
Parameters:          
  input:             sample.jpg
  image-path:        /data/sample.jpg

[39mSTEP[0m                         TEMPLATE  PODNAME                   DURATION  MESSAGE
 [33m◷[0m image-process-auto-6prnx  main      image-process-auto-6prnx  1s          
[H[2J[0;0HName:                image-process-auto-6prnx
Namespace:           argo
ServiceAccount:      unset (will run with the default ServiceAccount)
Status:              Running
Created:             Mon Oct 20 21:00:21 +0900 (2 seconds ago)
Started:             Mon Oct 20 21:00:21 +0900 (2 seconds ago)
Duration:            2 seconds
Progress:            0/1
Parameters:          
  input:             sample.jpg
  image-path:        /data/sample.jpg

[39mSTEP[0m                         TEMPLATE  PODNAME                   DURATION  MESSAGE
 [33m◷[0m image-process-auto-6prnx  main      image-process-auto-6prnx  2s          
[H[2J[0;0HName:                image-process-auto-6prnx
Namespace:           argo
ServiceAccount:      unset (will run with the default ServiceAccount)
Status:              Running
Created:             Mon Oct 20 21:00:21 +0900 (3 seconds ago)
Started:             Mon Oct 20 21:00:21 +0900 (3 seconds ago)
Duration:            3 seconds
Progress:            0/1
Parameters:          
  input:             sample.jpg
  image-path:        /data/sample.jpg

[39mSTEP[0m                         TEMPLATE  PODNAME                   DURATION  MESSAGE
 [33m◷[0m image-process-auto-6prnx  main      image-process-auto-6prnx  3s          
[H[2J[0;0HName:                image-process-auto-6prnx
Namespace:           argo
ServiceAccount:      unset (will run with the default ServiceAccount)
Status:              Running
Created:             Mon Oct 20 21:00:21 +0900 (4 seconds ago)
Started:             Mon Oct 20 21:00:21 +0900 (4 seconds ago)
Duration:            4 seconds
Progress:            0/1
Parameters:          
  input:             sample.jpg
  image-path:        /data/sample.jpg

[39mSTEP[0m                         TEMPLATE  PODNAME                   DURATION  MESSAGE
 [33m◷[0m image-process-auto-6prnx  main      image-process-auto-6prnx  4s          
[H[2J[0;0HName:                image-process-auto-6prnx
Namespace:           argo
ServiceAccount:      unset (will run with the default ServiceAccount)
Status:              Running
Created:             Mon Oct 20 21:00:21 +0900 (5 seconds ago)
Started:             Mon Oct 20 21:00:21 +0900 (5 seconds ago)
Duration:            5 seconds
Progress:            0/1
Parameters:          
  input:             sample.jpg
  image-path:        /data/sample.jpg

[39mSTEP[0m                         TEMPLATE  PODNAME                   DURATION  MESSAGE
 [33m◷[0m image-process-auto-6prnx  main      image-process-auto-6prnx  5s          
[H[2J[0;0HName:                image-process-auto-6prnx
Namespace:           argo
ServiceAccount:      unset (will run with the default ServiceAccount)
Status:              Running
Created:             Mon Oct 20 21:00:21 +0900 (6 seconds ago)
Started:             Mon Oct 20 21:00:21 +0900 (6 seconds ago)
Duration:            6 seconds
Progress:            0/1
Parameters:          
  input:             sample.jpg
  image-path:        /data/sample.jpg

[39mSTEP[0m                         TEMPLATE  PODNAME                   DURATION  MESSAGE
 [33m◷[0m image-process-auto-6prnx  main      image-process-auto-6prnx  6s          
[H[2J[0;0HName:                image-process-auto-6prnx
Namespace:           argo
ServiceAccount:      unset (will run with the default ServiceAccount)
Status:              Running
Created:             Mon Oct 20 21:00:21 +0900 (7 seconds ago)
Started:             Mon Oct 20 21:00:21 +0900 (7 seconds ago)
Duration:            7 seconds
Progress:            0/1
Parameters:          
  input:             sample.jpg
  image-path:        /data/sample.jpg

[39mSTEP[0m                         TEMPLATE  PODNAME                   DURATION  MESSAGE
 [33m◷[0m image-process-auto-6prnx  main      image-process-auto-6prnx  7s          
[H[2J[0;0HName:                image-process-auto-6prnx
Namespace:           argo
ServiceAccount:      unset (will run with the default ServiceAccount)
Status:              Running
Created:             Mon Oct 20 21:00:21 +0900 (8 seconds ago)
Started:             Mon Oct 20 21:00:21 +0900 (8 seconds ago)
Duration:            8 seconds
Progress:            0/1
Parameters:          
  input:             sample.jpg
  image-path:        /data/sample.jpg

[39mSTEP[0m                         TEMPLATE  PODNAME                   DURATION  MESSAGE
 [33m◷[0m image-process-auto-6prnx  main      image-process-auto-6prnx  8s          
[H[2J[0;0HName:                image-process-auto-6prnx
Namespace:           argo
ServiceAccount:      unset (will run with the default ServiceAccount)
Status:              Running
Created:             Mon Oct 20 21:00:21 +0900 (9 seconds ago)
Started:             Mon Oct 20 21:00:21 +0900 (9 seconds ago)
Duration:            9 seconds
Progress:            0/1
Parameters:          
  input:             sample.jpg
  image-path:        /data/sample.jpg

[39mSTEP[0m                         TEMPLATE  PODNAME                   DURATION  MESSAGE
 [33m◷[0m image-process-auto-6prnx  main      image-process-auto-6prnx  9s          
[H[2J[0;0HName:                image-process-auto-6prnx
Namespace:           argo
ServiceAccount:      unset (will run with the default ServiceAccount)
Status:              Running
Conditions:          
 PodRunning          True
Created:             Mon Oct 20 21:00:21 +0900 (9 seconds ago)
Started:             Mon Oct 20 21:00:21 +0900 (9 seconds ago)
Duration:            9 seconds
Progress:            0/1
Parameters:          
  input:             sample.jpg
  image-path:        /data/sample.jpg

[39mSTEP[0m                         TEMPLATE  PODNAME                   DURATION  MESSAGE
 [36m●[0m image-process-auto-6prnx  main      image-process-auto-6prnx  9s          
[H[2J[0;0HName:                image-process-auto-6prnx
Namespace:           argo
ServiceAccount:      unset (will run with the default ServiceAccount)
Status:              Running
Conditions:          
 PodRunning          True
Created:             Mon Oct 20 21:00:21 +0900 (10 seconds ago)
Started:             Mon Oct 20 21:00:21 +0900 (10 seconds ago)
Duration:            10 seconds
Progress:            0/1
Parameters:          
  input:             sample.jpg
  image-path:        /data/sample.jpg

[39mSTEP[0m                         TEMPLATE  PODNAME                   DURATION  MESSAGE
 [36m●[0m image-process-auto-6prnx  main      image-process-auto-6prnx  10s         
[H[2J[0;0HName:                image-process-auto-6prnx
Namespace:           argo
ServiceAccount:      unset (will run with the default ServiceAccount)
Status:              Running
Conditions:          
 PodRunning          True
Created:             Mon Oct 20 21:00:21 +0900 (11 seconds ago)
Started:             Mon Oct 20 21:00:21 +0900 (11 seconds ago)
Duration:            11 seconds
Progress:            0/1
Parameters:          
  input:             sample.jpg
  image-path:        /data/sample.jpg

[39mSTEP[0m                         TEMPLATE  PODNAME                   DURATION  MESSAGE
 [36m●[0m image-process-auto-6prnx  main      image-process-auto-6prnx  11s         
[H[2J[0;0HName:                image-process-auto-6prnx
Namespace:           argo
ServiceAccount:      unset (will run with the default ServiceAccount)
Status:              Running
Conditions:          
 PodRunning          True
Created:             Mon Oct 20 21:00:21 +0900 (12 seconds ago)
Started:             Mon Oct 20 21:00:21 +0900 (12 seconds ago)
Duration:            12 seconds
Progress:            0/1
Parameters:          
  input:             sample.jpg
  image-path:        /data/sample.jpg

[39mSTEP[0m                         TEMPLATE  PODNAME                   DURATION  MESSAGE
 [36m●[0m image-process-auto-6prnx  main      image-process-auto-6prnx  12s         
[H[2J[0;0HName:                image-process-auto-6prnx
Namespace:           argo
ServiceAccount:      unset (will run with the default ServiceAccount)
Status:              Running
Conditions:          
 PodRunning          True
Created:             Mon Oct 20 21:00:21 +0900 (13 seconds ago)
Started:             Mon Oct 20 21:00:21 +0900 (13 seconds ago)
Duration:            13 seconds
Progress:            0/1
Parameters:          
  input:             sample.jpg
  image-path:        /data/sample.jpg

[39mSTEP[0m                         TEMPLATE  PODNAME                   DURATION  MESSAGE
 [36m●[0m image-process-auto-6prnx  main      image-process-auto-6prnx  13s         
[H[2J[0;0HName:                image-process-auto-6prnx
Namespace:           argo
ServiceAccount:      unset (will run with the default ServiceAccount)
Status:              Running
Conditions:          
 PodRunning          True
Created:             Mon Oct 20 21:00:21 +0900 (14 seconds ago)
Started:             Mon Oct 20 21:00:21 +0900 (14 seconds ago)
Duration:            14 seconds
Progress:            0/1
Parameters:          
  input:             sample.jpg
  image-path:        /data/sample.jpg

[39mSTEP[0m                         TEMPLATE  PODNAME                   DURATION  MESSAGE
 [36m●[0m image-process-auto-6prnx  main      image-process-auto-6prnx  14s         
[H[2J[0;0HName:                image-process-auto-6prnx
Namespace:           argo
ServiceAccount:      unset (will run with the default ServiceAccount)
Status:              Running
Conditions:          
 PodRunning          True
Created:             Mon Oct 20 21:00:21 +0900 (15 seconds ago)
Started:             Mon Oct 20 21:00:21 +0900 (15 seconds ago)
Duration:            15 seconds
Progress:            0/1
Parameters:          
  input:             sample.jpg
  image-path:        /data/sample.jpg

[39mSTEP[0m                         TEMPLATE  PODNAME                   DURATION  MESSAGE
 [36m●[0m image-process-auto-6prnx  main      image-process-auto-6prnx  15s         
[H[2J[0;0HName:                image-process-auto-6prnx
Namespace:           argo
ServiceAccount:      unset (will run with the default ServiceAccount)
Status:              Running
Conditions:          
 PodRunning          True
Created:             Mon Oct 20 21:00:21 +0900 (16 seconds ago)
Started:             Mon Oct 20 21:00:21 +0900 (16 seconds ago)
Duration:            16 seconds
Progress:            0/1
Parameters:          
  input:             sample.jpg
  image-path:        /data/sample.jpg

[39mSTEP[0m                         TEMPLATE  PODNAME                   DURATION  MESSAGE
 [36m●[0m image-process-auto-6prnx  main      image-process-auto-6prnx  16s         
[H[2J[0;0HName:                image-process-auto-6prnx
Namespace:           argo
ServiceAccount:      unset (will run with the default ServiceAccount)
Status:              Running
Conditions:          
 PodRunning          True
Created:             Mon Oct 20 21:00:21 +0900 (17 seconds ago)
Started:             Mon Oct 20 21:00:21 +0900 (17 seconds ago)
Duration:            17 seconds
Progress:            0/1
Parameters:          
  input:             sample.jpg
  image-path:        /data/sample.jpg

[39mSTEP[0m                         TEMPLATE  PODNAME                   DURATION  MESSAGE
 [36m●[0m image-process-auto-6prnx  main      image-process-auto-6prnx  17s         
[H[2J[0;0HName:                image-process-auto-6prnx
Namespace:           argo
ServiceAccount:      unset (will run with the default ServiceAccount)
Status:              Running
Conditions:          
 PodRunning          True
Created:             Mon Oct 20 21:00:21 +0900 (18 seconds ago)
Started:             Mon Oct 20 21:00:21 +0900 (18 seconds ago)
Duration:            18 seconds
Progress:            0/1
Parameters:          
  input:             sample.jpg
  image-path:        /data/sample.jpg

[39mSTEP[0m                         TEMPLATE  PODNAME                   DURATION  MESSAGE
 [36m●[0m image-process-auto-6prnx  main      image-process-auto-6prnx  18s         
[H[2J[0;0HName:                image-process-auto-6prnx
Namespace:           argo
ServiceAccount:      unset (will run with the default ServiceAccount)
Status:              Running
Conditions:          
 PodRunning          True
Created:             Mon Oct 20 21:00:21 +0900 (19 seconds ago)
Started:             Mon Oct 20 21:00:21 +0900 (19 seconds ago)
Duration:            19 seconds
Progress:            0/1
Parameters:          
  input:             sample.jpg
  image-path:        /data/sample.jpg

[39mSTEP[0m                         TEMPLATE  PODNAME                   DURATION  MESSAGE
 [36m●[0m image-process-auto-6prnx  main      image-process-auto-6prnx  19s         
[H[2J[0;0HName:                image-process-auto-6prnx
Namespace:           argo
ServiceAccount:      unset (will run with the default ServiceAccount)
Status:              Running
Conditions:          
 PodRunning          True
Created:             Mon Oct 20 21:00:21 +0900 (20 seconds ago)
Started:             Mon Oct 20 21:00:21 +0900 (20 seconds ago)
Duration:            20 seconds
Progress:            0/1
Parameters:          
  input:             sample.jpg
  image-path:        /data/sample.jpg

[39mSTEP[0m                         TEMPLATE  PODNAME                   DURATION  MESSAGE
 [36m●[0m image-process-auto-6prnx  main      image-process-auto-6prnx  20s         
[H[2J[0;0HName:                image-process-auto-6prnx
Namespace:           argo
ServiceAccount:      unset (will run with the default ServiceAccount)
Status:              Running
Conditions:          
 PodRunning          True
Created:             Mon Oct 20 21:00:21 +0900 (21 seconds ago)
Started:             Mon Oct 20 21:00:21 +0900 (21 seconds ago)
Duration:            21 seconds
Progress:            0/1
Parameters:          
  input:             sample.jpg
  image-path:        /data/sample.jpg

[39mSTEP[0m                         TEMPLATE  PODNAME                   DURATION  MESSAGE
 [36m●[0m image-process-auto-6prnx  main      image-process-auto-6prnx  21s         
[H[2J[0;0HName:                image-process-auto-6prnx
Namespace:           argo
ServiceAccount:      unset (will run with the default ServiceAccount)
Status:              Running
Conditions:          
 PodRunning          True
Created:             Mon Oct 20 21:00:21 +0900 (22 seconds ago)
Started:             Mon Oct 20 21:00:21 +0900 (22 seconds ago)
Duration:            22 seconds
Progress:            0/1
Parameters:          
  input:             sample.jpg
  image-path:        /data/sample.jpg

[39mSTEP[0m                         TEMPLATE  PODNAME                   DURATION  MESSAGE
 [36m●[0m image-process-auto-6prnx  main      image-process-auto-6prnx  22s         
[H[2J[0;0HName:                image-process-auto-6prnx
Namespace:           argo
ServiceAccount:      unset (will run with the default ServiceAccount)
Status:              Running
Conditions:          
 PodRunning          True
Created:             Mon Oct 20 21:00:21 +0900 (23 seconds ago)
Started:             Mon Oct 20 21:00:21 +0900 (23 seconds ago)
Duration:            23 seconds
Progress:            0/1
Parameters:          
  input:             sample.jpg
  image-path:        /data/sample.jpg

[39mSTEP[0m                         TEMPLATE  PODNAME                   DURATION  MESSAGE
 [36m●[0m image-process-auto-6prnx  main      image-process-auto-6prnx  23s         
[H[2J[0;0HName:                image-process-auto-6prnx
Namespace:           argo
ServiceAccount:      unset (will run with the default ServiceAccount)
Status:              Running
Conditions:          
 PodRunning          True
Created:             Mon Oct 20 21:00:21 +0900 (24 seconds ago)
Started:             Mon Oct 20 21:00:21 +0900 (24 seconds ago)
Duration:            24 seconds
Progress:            0/1
Parameters:          
  input:             sample.jpg
  image-path:        /data/sample.jpg

[39mSTEP[0m                         TEMPLATE  PODNAME                   DURATION  MESSAGE
 [36m●[0m image-process-auto-6prnx  main      image-process-auto-6prnx  24s         
[H[2J[0;0HName:                image-process-auto-6prnx
Namespace:           argo
ServiceAccount:      unset (will run with the default ServiceAccount)
Status:              Running
Conditions:          
 PodRunning          True
Created:             Mon Oct 20 21:00:21 +0900 (25 seconds ago)
Started:             Mon Oct 20 21:00:21 +0900 (25 seconds ago)
Duration:            25 seconds
Progress:            0/1
Parameters:          
  input:             sample.jpg
  image-path:        /data/sample.jpg

[39mSTEP[0m                         TEMPLATE  PODNAME                   DURATION  MESSAGE
 [36m●[0m image-process-auto-6prnx  main      image-process-auto-6prnx  25s         
[H[2J[0;0HName:                image-process-auto-6prnx
Namespace:           argo
ServiceAccount:      unset (will run with the default ServiceAccount)
Status:              Running
Conditions:          
 PodRunning          True
Created:             Mon Oct 20 21:00:21 +0900 (26 seconds ago)
Started:             Mon Oct 20 21:00:21 +0900 (26 seconds ago)
Duration:            26 seconds
Progress:            0/1
Parameters:          
  input:             sample.jpg
  image-path:        /data/sample.jpg

[39mSTEP[0m                         TEMPLATE  PODNAME                   DURATION  MESSAGE
 [36m●[0m image-process-auto-6prnx  main      image-process-auto-6prnx  26s         
[H[2J[0;0HName:                image-process-auto-6prnx
Namespace:           argo
ServiceAccount:      unset (will run with the default ServiceAccount)
Status:              Running
Conditions:          
 PodRunning          True
Created:             Mon Oct 20 21:00:21 +0900 (27 seconds ago)
Started:             Mon Oct 20 21:00:21 +0900 (27 seconds ago)
Duration:            27 seconds
Progress:            0/1
Parameters:          
  input:             sample.jpg
  image-path:        /data/sample.jpg

[39mSTEP[0m                         TEMPLATE  PODNAME                   DURATION  MESSAGE
 [36m●[0m image-process-auto-6prnx  main      image-process-auto-6prnx  27s         
[H[2J[0;0HName:                image-process-auto-6prnx
Namespace:           argo
ServiceAccount:      unset (will run with the default ServiceAccount)
Status:              Running
Conditions:          
 PodRunning          True
Created:             Mon Oct 20 21:00:21 +0900 (28 seconds ago)
Started:             Mon Oct 20 21:00:21 +0900 (28 seconds ago)
Duration:            28 seconds
Progress:            0/1
Parameters:          
  input:             sample.jpg
  image-path:        /data/sample.jpg

[39mSTEP[0m                         TEMPLATE  PODNAME                   DURATION  MESSAGE
 [36m●[0m image-process-auto-6prnx  main      image-process-auto-6prnx  28s         
[H[2J[0;0HName:                image-process-auto-6prnx
Namespace:           argo
ServiceAccount:      unset (will run with the default ServiceAccount)
Status:              Running
Conditions:          
 PodRunning          True
Created:             Mon Oct 20 21:00:21 +0900 (29 seconds ago)
Started:             Mon Oct 20 21:00:21 +0900 (29 seconds ago)
Duration:            29 seconds
Progress:            0/1
Parameters:          
  input:             sample.jpg
  image-path:        /data/sample.jpg

[39mSTEP[0m                         TEMPLATE  PODNAME                   DURATION  MESSAGE
 [36m●[0m image-process-auto-6prnx  main      image-process-auto-6prnx  29s         
[H[2J[0;0HName:                image-process-auto-6prnx
Namespace:           argo
ServiceAccount:      unset (will run with the default ServiceAccount)
Status:              Running
Conditions:          
 PodRunning          True
Created:             Mon Oct 20 21:00:21 +0900 (30 seconds ago)
Started:             Mon Oct 20 21:00:21 +0900 (30 seconds ago)
Duration:            30 seconds
Progress:            0/1
Parameters:          
  input:             sample.jpg
  image-path:        /data/sample.jpg

[39mSTEP[0m                         TEMPLATE  PODNAME                   DURATION  MESSAGE
 [36m●[0m image-process-auto-6prnx  main      image-process-auto-6prnx  30s         
[H[2J[0;0HName:                image-process-auto-6prnx
Namespace:           argo
ServiceAccount:      unset (will run with the default ServiceAccount)
Status:              Running
Conditions:          
 PodRunning          True
Created:             Mon Oct 20 21:00:21 +0900 (31 seconds ago)
Started:             Mon Oct 20 21:00:21 +0900 (31 seconds ago)
Duration:            31 seconds
Progress:            0/1
Parameters:          
  input:             sample.jpg
  image-path:        /data/sample.jpg

[39mSTEP[0m                         TEMPLATE  PODNAME                   DURATION  MESSAGE
 [36m●[0m image-process-auto-6prnx  main      image-process-auto-6prnx  31s         
[H[2J[0;0HName:                image-process-auto-6prnx
Namespace:           argo
ServiceAccount:      unset (will run with the default ServiceAccount)
Status:              Running
Conditions:          
 PodRunning          True
Created:             Mon Oct 20 21:00:21 +0900 (32 seconds ago)
Started:             Mon Oct 20 21:00:21 +0900 (32 seconds ago)
Duration:            32 seconds
Progress:            0/1
Parameters:          
  input:             sample.jpg
  image-path:        /data/sample.jpg

[39mSTEP[0m                         TEMPLATE  PODNAME                   DURATION  MESSAGE
 [36m●[0m image-process-auto-6prnx  main      image-process-auto-6prnx  32s         
[H[2J[0;0HName:                image-process-auto-6prnx
Namespace:           argo
ServiceAccount:      unset (will run with the default ServiceAccount)
Status:              Running
Conditions:          
 PodRunning          True
Created:             Mon Oct 20 21:00:21 +0900 (33 seconds ago)
Started:             Mon Oct 20 21:00:21 +0900 (33 seconds ago)
Duration:            33 seconds
Progress:            0/1
Parameters:          
  input:             sample.jpg
  image-path:        /data/sample.jpg

[39mSTEP[0m                         TEMPLATE  PODNAME                   DURATION  MESSAGE
 [36m●[0m image-process-auto-6prnx  main      image-process-auto-6prnx  33s         
[H[2J[0;0HName:                image-process-auto-6prnx
Namespace:           argo
ServiceAccount:      unset (will run with the default ServiceAccount)
Status:              Running
Conditions:          
 PodRunning          True
Created:             Mon Oct 20 21:00:21 +0900 (33 seconds ago)
Started:             Mon Oct 20 21:00:21 +0900 (33 seconds ago)
Duration:            33 seconds
Progress:            0/1
Parameters:          
  input:             sample.jpg
  image-path:        /data/sample.jpg

[39mSTEP[0m                         TEMPLATE  PODNAME                   DURATION  MESSAGE
 [36m●[0m image-process-auto-6prnx  main      image-process-auto-6prnx  33s         
[H[2J[0;0HName:                image-process-auto-6prnx
Namespace:           argo
ServiceAccount:      unset (will run with the default ServiceAccount)
Status:              Running
Conditions:          
 PodRunning          True
Created:             Mon Oct 20 21:00:21 +0900 (34 seconds ago)
Started:             Mon Oct 20 21:00:21 +0900 (34 seconds ago)
Duration:            34 seconds
Progress:            0/1
Parameters:          
  input:             sample.jpg
  image-path:        /data/sample.jpg

[39mSTEP[0m                         TEMPLATE  PODNAME                   DURATION  MESSAGE
 [36m●[0m image-process-auto-6prnx  main      image-process-auto-6prnx  34s         
[H[2J[0;0HName:                image-process-auto-6prnx
Namespace:           argo
ServiceAccount:      unset (will run with the default ServiceAccount)
Status:              Running
Conditions:          
 PodRunning          True
Created:             Mon Oct 20 21:00:21 +0900 (35 seconds ago)
Started:             Mon Oct 20 21:00:21 +0900 (35 seconds ago)
Duration:            35 seconds
Progress:            0/1
Parameters:          
  input:             sample.jpg
  image-path:        /data/sample.jpg

[39mSTEP[0m                         TEMPLATE  PODNAME                   DURATION  MESSAGE
 [36m●[0m image-process-auto-6prnx  main      image-process-auto-6prnx  35s         
[H[2J[0;0HName:                image-process-auto-6prnx
Namespace:           argo
ServiceAccount:      unset (will run with the default ServiceAccount)
Status:              Running
Conditions:          
 PodRunning          True
Created:             Mon Oct 20 21:00:21 +0900 (36 seconds ago)
Started:             Mon Oct 20 21:00:21 +0900 (36 seconds ago)
Duration:            36 seconds
Progress:            0/1
Parameters:          
  input:             sample.jpg
  image-path:        /data/sample.jpg

[39mSTEP[0m                         TEMPLATE  PODNAME                   DURATION  MESSAGE
 [36m●[0m image-process-auto-6prnx  main      image-process-auto-6prnx  36s         
[H[2J[0;0HName:                image-process-auto-6prnx
Namespace:           argo
ServiceAccount:      unset (will run with the default ServiceAccount)
Status:              Running
Conditions:          
 PodRunning          True
Created:             Mon Oct 20 21:00:21 +0900 (37 seconds ago)
Started:             Mon Oct 20 21:00:21 +0900 (37 seconds ago)
Duration:            37 seconds
Progress:            0/1
Parameters:          
  input:             sample.jpg
  image-path:        /data/sample.jpg

[39mSTEP[0m                         TEMPLATE  PODNAME                   DURATION  MESSAGE
 [36m●[0m image-process-auto-6prnx  main      image-process-auto-6prnx  37s         
[H[2J[0;0HName:                image-process-auto-6prnx
Namespace:           argo
ServiceAccount:      unset (will run with the default ServiceAccount)
Status:              Running
Conditions:          
 PodRunning          True
Created:             Mon Oct 20 21:00:21 +0900 (38 seconds ago)
Started:             Mon Oct 20 21:00:21 +0900 (38 seconds ago)
Duration:            38 seconds
Progress:            0/1
Parameters:          
  input:             sample.jpg
  image-path:        /data/sample.jpg

[39mSTEP[0m                         TEMPLATE  PODNAME                   DURATION  MESSAGE
 [36m●[0m image-process-auto-6prnx  main      image-process-auto-6prnx  38s         
[H[2J[0;0HName:                image-process-auto-6prnx
Namespace:           argo
ServiceAccount:      unset (will run with the default ServiceAccount)
Status:              Running
Conditions:          
 PodRunning          True
Created:             Mon Oct 20 21:00:21 +0900 (39 seconds ago)
Started:             Mon Oct 20 21:00:21 +0900 (39 seconds ago)
Duration:            39 seconds
Progress:            0/1
Parameters:          
  input:             sample.jpg
  image-path:        /data/sample.jpg

[39mSTEP[0m                         TEMPLATE  PODNAME                   DURATION  MESSAGE
 [36m●[0m image-process-auto-6prnx  main      image-process-auto-6prnx  39s         
[H[2J[0;0HName:                image-process-auto-6prnx
Namespace:           argo
ServiceAccount:      unset (will run with the default ServiceAccount)
Status:              Running
Conditions:          
 PodRunning          True
Created:             Mon Oct 20 21:00:21 +0900 (40 seconds ago)
Started:             Mon Oct 20 21:00:21 +0900 (40 seconds ago)
Duration:            40 seconds
Progress:            0/1
Parameters:          
  input:             sample.jpg
  image-path:        /data/sample.jpg

[39mSTEP[0m                         TEMPLATE  PODNAME                   DURATION  MESSAGE
 [36m●[0m image-process-auto-6prnx  main      image-process-auto-6prnx  40s         
[H[2J[0;0HName:                image-process-auto-6prnx
Namespace:           argo
ServiceAccount:      unset (will run with the default ServiceAccount)
Status:              Running
Conditions:          
 PodRunning          True
Created:             Mon Oct 20 21:00:21 +0900 (41 seconds ago)
Started:             Mon Oct 20 21:00:21 +0900 (41 seconds ago)
Duration:            41 seconds
Progress:            0/1
Parameters:          
  input:             sample.jpg
  image-path:        /data/sample.jpg

[39mSTEP[0m                         TEMPLATE  PODNAME                   DURATION  MESSAGE
 [36m●[0m image-process-auto-6prnx  main      image-process-auto-6prnx  41s         
[H[2J[0;0HName:                image-process-auto-6prnx
Namespace:           argo
ServiceAccount:      unset (will run with the default ServiceAccount)
Status:              Succeeded
Conditions:          
 PodRunning          False
 Completed           True
Created:             Mon Oct 20 21:00:21 +0900 (42 seconds ago)
Started:             Mon Oct 20 21:00:21 +0900 (42 seconds ago)
Finished:            Mon Oct 20 21:01:03 +0900 (now)
Duration:            42 seconds
Progress:            1/1
ResourcesDuration:   6s*(1 cpu),1m2s*(100Mi memory)
Parameters:          
  input:             sample.jpg
  image-path:        /data/sample.jpg

[39mSTEP[0m                         TEMPLATE  PODNAME                   DURATION  MESSAGE
 [32m✔[0m image-process-auto-6prnx  main      image-process-auto-6prnx  33s         
[2025-10-20 21:01:03,650] INFO: ✅ Workflow triggered for sample.jpg
[2025-10-20 21:01:03,651] INFO: 🗑️ Deleted source image: sample.jpg
